d:\2021-1\lab. grafica\practica_1\practica_1\debug\vc141.pdb
d:\2021-1\lab. grafica\practica_1\practica_1\debug\vc141.idb
d:\2021-1\lab. grafica\practica_1\practica_1\debug\main_prac08.obj
d:\2021-1\lab. grafica\practica_1\practica_1\debug\glad.obj
d:\2021-1\lab. grafica\practica_1\practica_1\debug\main_prac09.obj
d:\2021-1\lab. grafica\practica_1\debug\practica_1.exe
d:\2021-1\lab. grafica\practica_1\debug\practica_1.ilk
d:\2021-1\lab. grafica\practica_1\debug\practica_1.pdb
d:\2021-1\lab. grafica\practica_1\practica_1\debug\esfera.obj
d:\2021-1\lab. grafica\practica_1\practica_1\debug\main_prac02.obj
d:\2021-1\lab. grafica\practica_1\practica_1\debug\main_prac03.obj
d:\2021-1\lab. grafica\practica_1\practica_1\debug\main_prac04.obj
d:\2021-1\lab. grafica\practica_1\practica_1\debug\main_prac05.obj
d:\2021-1\lab. grafica\practica_1\practica_1\debug\main_prac06.obj
d:\2021-1\lab. grafica\practica_1\practica_1\debug\main_prac07.obj
d:\2021-1\lab. grafica\practica_1\practica_1\debug\molino.obj
d:\2021-1\lab. grafica\practica_1\practica_1\debug\nativecodeanalysis.read.1.tlog
d:\2021-1\lab. grafica\practica_1\practica_1\debug\main_prac02.nativecodeanalysis.xml
d:\2021-1\lab. grafica\practica_1\practica_1\debug\vc.nativecodeanalysis.all.xml
d:\2021-1\lab. grafica\practica_1\practica_1\debug\practica_1.tlog\cl.command.1.tlog
d:\2021-1\lab. grafica\practica_1\practica_1\debug\practica_1.tlog\cl.read.1.tlog
d:\2021-1\lab. grafica\practica_1\practica_1\debug\practica_1.tlog\cl.write.1.tlog
d:\2021-1\lab. grafica\practica_1\practica_1\debug\practica_1.tlog\link.command.1.tlog
d:\2021-1\lab. grafica\practica_1\practica_1\debug\practica_1.tlog\link.read.1.tlog
d:\2021-1\lab. grafica\practica_1\practica_1\debug\practica_1.tlog\link.write.1.tlog
